[debug] [2023-08-17T22:34:05.786Z] ----------------------------------------------------------------------
[debug] [2023-08-17T22:34:05.792Z] Command:       C:\Program Files\nodejs\node.exe C:\Users\marwa\AppData\Roaming\npm\node_modules\firebase-tools\lib\bin\firebase.js init hosting
[debug] [2023-08-17T22:34:05.793Z] CLI Version:   12.4.8
[debug] [2023-08-17T22:34:05.794Z] Platform:      win32
[debug] [2023-08-17T22:34:05.795Z] Node Version:  v18.13.0
[debug] [2023-08-17T22:34:05.798Z] Time:          Fri Aug 18 2023 01:34:05 GMT+0300 (GMT+03:00)
[debug] [2023-08-17T22:34:05.798Z] ----------------------------------------------------------------------
[debug] 
[debug] [2023-08-17T22:34:05.821Z] > command requires scopes: ["email","openid","https://www.googleapis.com/auth/cloudplatformprojects.readonly","https://www.googleapis.com/auth/firebase","https://www.googleapis.com/auth/cloud-platform"]
[debug] [2023-08-17T22:34:05.823Z] > authorizing via signed-in user (marwa.829.839@gmail.com)
[info] 
     ######## #### ########  ######## ########     ###     ######  ########
     ##        ##  ##     ## ##       ##     ##  ##   ##  ##       ##
     ######    ##  ########  ######   ########  #########  ######  ######
     ##        ##  ##    ##  ##       ##     ## ##     ##       ## ##
     ##       #### ##     ## ######## ########  ##     ##  ######  ########

You're about to initialize a Firebase project in this directory:

  C:\Users\marwa\Desktop\project_metaverse-main

[info] 
=== Project Setup
[info] 
[info] First, let's associate this project directory with a Firebase project.
[info] You can create multiple project aliases by running firebase use --add, 
[info] but for now we'll just set up a default project.
[info] 
[info] i  If you want to create a project in a Google Cloud organization or folder, please use "firebase projects:create" instead, and return to this command when you've created the project. 
[debug] [2023-08-17T22:35:47.208Z] >>> [apiv2][query] POST https://cloudresourcemanager.googleapis.com/v1/projects [none]
[debug] [2023-08-17T22:35:47.209Z] >>> [apiv2][body] POST https://cloudresourcemanager.googleapis.com/v1/projects {"projectId":"projectfb","name":"projectfb"}
[debug] [2023-08-17T22:35:48.511Z] <<< [apiv2][status] POST https://cloudresourcemanager.googleapis.com/v1/projects 409
[debug] [2023-08-17T22:35:48.512Z] <<< [apiv2][body] POST https://cloudresourcemanager.googleapis.com/v1/projects {"error":{"code":409,"message":"Requested entity already exists","status":"ALREADY_EXISTS"}}
[debug] [2023-08-17T22:35:48.871Z] FirebaseError: HTTP Error: 409, Requested entity already exists
    at responseToError (C:\Users\marwa\AppData\Roaming\npm\node_modules\firebase-tools\lib\responseToError.js:49:12)
    at RetryOperation._fn (C:\Users\marwa\AppData\Roaming\npm\node_modules\firebase-tools\lib\apiv2.js:285:77)
    at process.processTicksAndRejections (node:internal/process/task_queues:95:5)
[error] 
[error] Error: Failed to create project because there is already a project with ID projectfb. Please try again with a unique project ID.
